Sun Apr 20 08:47:34 UTC 2025
Sun Apr 20 13:14:53 UTC 2025
Mon Apr 21 13:17:47 UTC 2025
Tue Apr 22 13:35:21 UTC 2025
Wed Apr 23 13:36:35 UTC 2025
Thu Apr 24 13:36:50 UTC 2025
Fri Apr 25 13:34:11 UTC 2025
Sat Apr 26 13:04:21 UTC 2025
Sun Apr 27 13:05:00 UTC 2025
Mon Apr 28 13:50:30 UTC 2025
Tue Apr 29 13:44:32 UTC 2025
Wed Apr 30 13:35:27 UTC 2025
Thu May  1 13:33:21 UTC 2025
Fri May  2 13:34:41 UTC 2025
Sat May  3 13:13:49 UTC 2025
Sun May  4 13:14:25 UTC 2025
Mon May  5 13:36:45 UTC 2025
Tue May  6 13:41:15 UTC 2025
Wed May  7 13:43:09 UTC 2025
Thu May  8 13:35:36 UTC 2025
Fri May  9 13:35:59 UTC 2025
Sat May 10 13:14:14 UTC 2025
Sun May 11 13:14:15 UTC 2025
Mon May 12 13:42:36 UTC 2025
Tue May 13 13:43:28 UTC 2025
Wed May 14 13:38:18 UTC 2025
Thu May 15 13:37:30 UTC 2025
Fri May 16 13:37:09 UTC 2025
Sat May 17 13:14:19 UTC 2025
Sun May 18 13:15:12 UTC 2025
Mon May 19 13:42:31 UTC 2025
Tue May 20 13:43:05 UTC 2025
Wed May 21 12:48:09 UTC 2025
Thu May 22 12:48:08 UTC 2025
Fri May 23 12:45:25 UTC 2025
Sat May 24 12:40:48 UTC 2025
Sun May 25 12:41:22 UTC 2025
Mon May 26 12:45:05 UTC 2025
Tue May 27 12:48:47 UTC 2025
Wed May 28 12:48:27 UTC 2025
Thu May 29 12:46:49 UTC 2025
Fri May 30 12:46:42 UTC 2025
Sat May 31 12:41:44 UTC 2025
Sun Jun  1 12:42:46 UTC 2025
Mon Jun  2 12:48:32 UTC 2025
Tue Jun  3 12:49:03 UTC 2025
Wed Jun  4 12:49:16 UTC 2025
Thu Jun  5 12:48:36 UTC 2025
Fri Jun  6 12:46:57 UTC 2025
Sat Jun  7 12:41:51 UTC 2025
Sun Jun  8 12:42:02 UTC 2025
Mon Jun  9 12:48:30 UTC 2025
Tue Jun 10 12:49:21 UTC 2025
Wed Jun 11 12:49:06 UTC 2025
Thu Jun 12 12:48:21 UTC 2025
Fri Jun 13 12:47:52 UTC 2025
Sat Jun 14 12:41:58 UTC 2025
Sun Jun 15 12:42:36 UTC 2025
Mon Jun 16 12:50:01 UTC 2025
Tue Jun 17 12:49:38 UTC 2025
Wed Jun 18 12:49:35 UTC 2025
Thu Jun 19 12:48:44 UTC 2025
Fri Jun 20 12:48:21 UTC 2025
Sat Jun 21 12:42:26 UTC 2025
Sun Jun 22 12:42:21 UTC 2025
Mon Jun 23 12:50:12 UTC 2025
Tue Jun 24 12:49:24 UTC 2025
Wed Jun 25 12:50:10 UTC 2025
Thu Jun 26 12:49:25 UTC 2025
Fri Jun 27 12:48:15 UTC 2025
Sat Jun 28 12:43:05 UTC 2025
Sun Jun 29 12:43:53 UTC 2025
Mon Jun 30 12:49:29 UTC 2025
Tue Jul  1 12:49:33 UTC 2025
Wed Jul  2 12:49:10 UTC 2025
Thu Jul  3 12:47:33 UTC 2025
Fri Jul  4 12:47:55 UTC 2025
Sat Jul  5 12:43:14 UTC 2025
Sun Jul  6 12:43:53 UTC 2025
Mon Jul  7 12:49:34 UTC 2025
Tue Jul  8 12:49:47 UTC 2025
Wed Jul  9 12:49:45 UTC 2025
Thu Jul 10 12:50:42 UTC 2025
Fri Jul 11 12:48:52 UTC 2025
Sat Jul 12 12:44:31 UTC 2025
Sun Jul 13 12:45:50 UTC 2025
Mon Jul 14 12:51:11 UTC 2025
Tue Jul 15 12:51:38 UTC 2025
Wed Jul 16 12:52:17 UTC 2025
Thu Jul 17 12:51:22 UTC 2025
Fri Jul 18 12:52:30 UTC 2025
Sat Jul 19 12:46:40 UTC 2025
Sun Jul 20 12:47:30 UTC 2025
Mon Jul 21 12:53:00 UTC 2025
Tue Jul 22 12:52:54 UTC 2025
Wed Jul 23 12:53:13 UTC 2025
Thu Jul 24 12:52:27 UTC 2025
Fri Jul 25 12:51:19 UTC 2025
Sat Jul 26 12:47:24 UTC 2025
Sun Jul 27 12:48:49 UTC 2025
Mon Jul 28 12:53:55 UTC 2025
Tue Jul 29 12:54:23 UTC 2025
Wed Jul 30 12:53:58 UTC 2025
Thu Jul 31 12:52:45 UTC 2025
Fri Aug  1 12:53:09 UTC 2025
Sat Aug  2 12:48:18 UTC 2025
Sun Aug  3 12:50:58 UTC 2025
Mon Aug  4 12:54:52 UTC 2025
Tue Aug  5 12:55:03 UTC 2025
